<?xml version="1.0" encoding="UTF-8"?>
<!-- Generated by org.testng.reporters.JUnitXMLReporter -->
<testsuite ignored="0" hostname="TTNPL-RahulRanjan" failures="0" tests="4" name="Default test" time="0.044" errors="0" timestamp="2023-04-12T20:34:20 IST">
  <testcase classname="newmeven.App1" name="calTest1" time="0.008"/>
  <testcase classname="newmeven.App1" name="calTest2" time="0.001"/>
  <testcase classname="newmeven.App1" name="calTest3" time="0.001"/>
  <testcase classname="newmeven.App1" name="calTest4" time="0.001"/>
</testsuite> <!-- Default test -->
