<?xml version="1.0" encoding="UTF-8"?>
<testng-results ignored="0" total="4" passed="4" failed="0" skipped="0">
  <reporter-output>
  </reporter-output>
  <suite started-at="2023-04-12T20:34:20 IST" name="Default suite" finished-at="2023-04-12T20:34:20 IST" duration-ms="44">
    <groups>
    </groups>
    <test started-at="2023-04-12T20:34:20 IST" name="Default test" finished-at="2023-04-12T20:34:20 IST" duration-ms="44">
      <class name="newmeven.App1">
        <test-method signature="calTest1()[pri:0, instance:newmeven.App1@3c0be339]" started-at="2023-04-12T20:34:20 IST" name="calTest1" finished-at="2023-04-12T20:34:20 IST" duration-ms="8" status="PASS">
          <reporter-output>
          </reporter-output>
        </test-method> <!-- calTest1 -->
        <test-method signature="calTest2()[pri:0, instance:newmeven.App1@3c0be339]" started-at="2023-04-12T20:34:20 IST" name="calTest2" finished-at="2023-04-12T20:34:20 IST" duration-ms="1" status="PASS">
          <reporter-output>
          </reporter-output>
        </test-method> <!-- calTest2 -->
        <test-method signature="calTest3()[pri:0, instance:newmeven.App1@3c0be339]" started-at="2023-04-12T20:34:20 IST" name="calTest3" finished-at="2023-04-12T20:34:20 IST" duration-ms="1" status="PASS">
          <reporter-output>
          </reporter-output>
        </test-method> <!-- calTest3 -->
        <test-method signature="calTest4()[pri:0, instance:newmeven.App1@3c0be339]" started-at="2023-04-12T20:34:20 IST" name="calTest4" finished-at="2023-04-12T20:34:20 IST" duration-ms="1" status="PASS">
          <reporter-output>
          </reporter-output>
        </test-method> <!-- calTest4 -->
      </class> <!-- newmeven.App1 -->
    </test> <!-- Default test -->
  </suite> <!-- Default suite -->
</testng-results>
